<?xml version="1.0" encoding="UTF-8"?>
<testsuite xmlns:xsi="http://www.w3.org/2001/XMLSchema-instance" xsi:noNamespaceSchemaLocation="https://maven.apache.org/surefire/maven-surefire-plugin/xsd/surefire-test-report-3.0.xsd" version="3.0" name="TestSuite" time="165.448" tests="8" errors="0" skipped="0" failures="5">
  <properties>
[...]
</properties>
  <testcase name="login" classname="corporate.InsideFeatures" time="54.744"/>
  <testcase name="Adduser" classname="corporate.InsideFeatures" time="38.147">
    <failure message="no such element: Unable to locate element: {&quot;method&quot;:&quot;xpath&quot;,&quot;selector&quot;:&quot;//td[@align=&apos;left&apos;]//p[2]&quot;}&#10;  (Session info: chrome=126.0.6478.62)&#10;For documentation on this error, please visit: https://www.selenium.dev/documentation/webdriver/troubleshooting/errors#no-such-element-exception&#10;Build info: version: &apos;4.15.0&apos;, revision: &apos;1d14b5521b&apos;&#10;System info: os.name: &apos;Windows 11&apos;, os.arch: &apos;amd64&apos;, os.version: &apos;10.0&apos;, java.version: &apos;17.0.11&apos;&#10;Driver info: org.openqa.selenium.chrome.ChromeDriver&#10;Command: [00213fffe79f13e0a9f31c30c29f1375, findElement {using=xpath, value=//td[@align=&apos;left&apos;]//p[2]}]&#10;Capabilities {acceptInsecureCerts: false, browserName: chrome, browserVersion: 126.0.6478.62, chrome: {chromedriverVersion: 126.0.6478.62 (b2781ca4c383..., userDataDir: C:\Users\Hello\AppData\Loca...}, fedcm:accounts: true, goog:chromeOptions: {debuggerAddress: localhost:53386}, networkConnectionEnabled: false, pageLoadStrategy: normal, platformName: windows, proxy: Proxy(), se:cdp: ws://localhost:53386/devtoo..., se:cdpVersion: 126.0.6478.62, setWindowRect: true, strictFileInteractability: false, timeouts: {implicit: 0, pageLoad: 300000, script: 30000}, unhandledPromptBehavior: dismiss and notify, webauthn:extension:credBlob: true, webauthn:extension:largeBlob: true, webauthn:extension:minPinLength: true, webauthn:extension:prf: true, webauthn:virtualAuthenticators: true}&#10;Session ID: 00213fffe79f13e0a9f31c30c29f1375" type="org.openqa.selenium.NoSuchElementException"><![CDATA[org.openqa.selenium.NoSuchElementException: 
no such element: Unable to locate element: {"method":"xpath","selector":"//td[@align='left']//p[2]"}
  (Session info: chrome=126.0.6478.62)
For documentation on this error, please visit: https://www.selenium.dev/documentation/webdriver/troubleshooting/errors#no-such-element-exception
Build info: version: '4.15.0', revision: '1d14b5521b'
System info: os.name: 'Windows 11', os.arch: 'amd64', os.version: '10.0', java.version: '17.0.11'
Driver info: org.openqa.selenium.chrome.ChromeDriver
Command: [00213fffe79f13e0a9f31c30c29f1375, findElement {using=xpath, value=//td[@align='left']//p[2]}]
Capabilities {acceptInsecureCerts: false, browserName: chrome, browserVersion: 126.0.6478.62, chrome: {chromedriverVersion: 126.0.6478.62 (b2781ca4c383..., userDataDir: C:\Users\Hello\AppData\Loca...}, fedcm:accounts: true, goog:chromeOptions: {debuggerAddress: localhost:53386}, networkConnectionEnabled: false, pageLoadStrategy: normal, platformName: windows, proxy: Proxy(), se:cdp: ws://localhost:53386/devtoo..., se:cdpVersion: 126.0.6478.62, setWindowRect: true, strictFileInteractability: false, timeouts: {implicit: 0, pageLoad: 300000, script: 30000}, unhandledPromptBehavior: dismiss and notify, webauthn:extension:credBlob: true, webauthn:extension:largeBlob: true, webauthn:extension:minPinLength: true, webauthn:extension:prf: true, webauthn:virtualAuthenticators: true}
Session ID: 00213fffe79f13e0a9f31c30c29f1375
	at corporate.InsideFeatures.Adduser(InsideFeatures.java:87)
]]></failure>
    <system-err><![CDATA[Jun 19, 2024 7:20:09 PM org.openqa.selenium.devtools.CdpVersionFinder findNearestMatch
WARNING: Unable to find CDP implementation matching 126
Jun 19, 2024 7:20:09 PM org.openqa.selenium.chromium.ChromiumDriver lambda$new$5
WARNING: Unable to find version of CDP to use for 126.0.6478.62. You may need to include a dependency on a specific version of the CDP using something similar to `org.seleniumhq.selenium:selenium-devtools-v86:4.15.0` where the version ("v86") matches the version of the chromium-based browser you're using and the version number of the artifact is the same as Selenium's.
]]></system-err>
  </testcase>
  <testcase name="loadmoney" classname="corporate.InsideFeatures" time="4.131">
    <failure message="element click intercepted: Element &lt;button class=&quot;btn btn-outline-secondary&quot; data-bs-toggle=&quot;modal&quot; data-bs-target=&quot;#addTotalAmountLoaded&quot;&gt;...&lt;/button&gt; is not clickable at point (665, 214). Other element would receive the click: &lt;div class=&quot;modal-header justify-content-center&quot;&gt;...&lt;/div&gt;&#10;  (Session info: chrome=126.0.6478.62)&#10;Build info: version: &apos;4.15.0&apos;, revision: &apos;1d14b5521b&apos;&#10;System info: os.name: &apos;Windows 11&apos;, os.arch: &apos;amd64&apos;, os.version: &apos;10.0&apos;, java.version: &apos;17.0.11&apos;&#10;Driver info: org.openqa.selenium.chrome.ChromeDriver&#10;Command: [421ff17ac711f08843ed4a2a4ba32db5, clickElement {id=f.CCAD7AE72BA2D6EA2111BD3D15F3A284.d.9B7067180A37CCE9615F82D0978F7AA9.e.129}]&#10;Capabilities {acceptInsecureCerts: false, browserName: chrome, browserVersion: 126.0.6478.62, chrome: {chromedriverVersion: 126.0.6478.62 (b2781ca4c383..., userDataDir: C:\Users\Hello\AppData\Loca...}, fedcm:accounts: true, goog:chromeOptions: {debuggerAddress: localhost:53287}, networkConnectionEnabled: false, pageLoadStrategy: normal, platformName: windows, proxy: Proxy(), se:cdp: ws://localhost:53287/devtoo..., se:cdpVersion: 126.0.6478.62, setWindowRect: true, strictFileInteractability: false, timeouts: {implicit: 0, pageLoad: 300000, script: 30000}, unhandledPromptBehavior: dismiss and notify, webauthn:extension:credBlob: true, webauthn:extension:largeBlob: true, webauthn:extension:minPinLength: true, webauthn:extension:prf: true, webauthn:virtualAuthenticators: true}&#10;Element: [[ChromeDriver: chrome on windows (421ff17ac711f08843ed4a2a4ba32db5)] -&gt; xpath: //button[text()=&apos;Load money&apos;]]&#10;Session ID: 421ff17ac711f08843ed4a2a4ba32db5" type="org.openqa.selenium.ElementClickInterceptedException"><![CDATA[org.openqa.selenium.ElementClickInterceptedException: 
element click intercepted: Element <button class="btn btn-outline-secondary" data-bs-toggle="modal" data-bs-target="#addTotalAmountLoaded">...</button> is not clickable at point (665, 214). Other element would receive the click: <div class="modal-header justify-content-center">...</div>
  (Session info: chrome=126.0.6478.62)
Build info: version: '4.15.0', revision: '1d14b5521b'
System info: os.name: 'Windows 11', os.arch: 'amd64', os.version: '10.0', java.version: '17.0.11'
Driver info: org.openqa.selenium.chrome.ChromeDriver
Command: [421ff17ac711f08843ed4a2a4ba32db5, clickElement {id=f.CCAD7AE72BA2D6EA2111BD3D15F3A284.d.9B7067180A37CCE9615F82D0978F7AA9.e.129}]
Capabilities {acceptInsecureCerts: false, browserName: chrome, browserVersion: 126.0.6478.62, chrome: {chromedriverVersion: 126.0.6478.62 (b2781ca4c383..., userDataDir: C:\Users\Hello\AppData\Loca...}, fedcm:accounts: true, goog:chromeOptions: {debuggerAddress: localhost:53287}, networkConnectionEnabled: false, pageLoadStrategy: normal, platformName: windows, proxy: Proxy(), se:cdp: ws://localhost:53287/devtoo..., se:cdpVersion: 126.0.6478.62, setWindowRect: true, strictFileInteractability: false, timeouts: {implicit: 0, pageLoad: 300000, script: 30000}, unhandledPromptBehavior: dismiss and notify, webauthn:extension:credBlob: true, webauthn:extension:largeBlob: true, webauthn:extension:minPinLength: true, webauthn:extension:prf: true, webauthn:virtualAuthenticators: true}
Element: [[ChromeDriver: chrome on windows (421ff17ac711f08843ed4a2a4ba32db5)] -> xpath: //button[text()='Load money']]
Session ID: 421ff17ac711f08843ed4a2a4ba32db5
	at corporate.InsideFeatures.loadmoney(InsideFeatures.java:99)
]]></failure>
  </testcase>
  <testcase name="withdraw" classname="corporate.InsideFeatures" time="4.126">
    <failure message="element click intercepted: Element &lt;button class=&quot;btn btn-outline-secondary&quot; data-bs-toggle=&quot;modal&quot; data-bs-target=&quot;#addWithdrowModel&quot;&gt;...&lt;/button&gt; is not clickable at point (1441, 214). Other element would receive the click: &lt;div class=&quot;modal fade show&quot; id=&quot;verifyWalletUser&quot; tabindex=&quot;-1&quot; aria-labelledby=&quot;verifyWalletUserLabel&quot; aria-modal=&quot;true&quot; role=&quot;dialog&quot; style=&quot;display: block;&quot;&gt;...&lt;/div&gt;&#10;  (Session info: chrome=126.0.6478.62)&#10;Build info: version: &apos;4.15.0&apos;, revision: &apos;1d14b5521b&apos;&#10;System info: os.name: &apos;Windows 11&apos;, os.arch: &apos;amd64&apos;, os.version: &apos;10.0&apos;, java.version: &apos;17.0.11&apos;&#10;Driver info: org.openqa.selenium.chrome.ChromeDriver&#10;Command: [421ff17ac711f08843ed4a2a4ba32db5, clickElement {id=f.CCAD7AE72BA2D6EA2111BD3D15F3A284.d.9B7067180A37CCE9615F82D0978F7AA9.e.130}]&#10;Capabilities {acceptInsecureCerts: false, browserName: chrome, browserVersion: 126.0.6478.62, chrome: {chromedriverVersion: 126.0.6478.62 (b2781ca4c383..., userDataDir: C:\Users\Hello\AppData\Loca...}, fedcm:accounts: true, goog:chromeOptions: {debuggerAddress: localhost:53287}, networkConnectionEnabled: false, pageLoadStrategy: normal, platformName: windows, proxy: Proxy(), se:cdp: ws://localhost:53287/devtoo..., se:cdpVersion: 126.0.6478.62, setWindowRect: true, strictFileInteractability: false, timeouts: {implicit: 0, pageLoad: 300000, script: 30000}, unhandledPromptBehavior: dismiss and notify, webauthn:extension:credBlob: true, webauthn:extension:largeBlob: true, webauthn:extension:minPinLength: true, webauthn:extension:prf: true, webauthn:virtualAuthenticators: true}&#10;Element: [[ChromeDriver: chrome on windows (421ff17ac711f08843ed4a2a4ba32db5)] -&gt; xpath: //button[text()=&apos;Withdraw&apos;]]&#10;Session ID: 421ff17ac711f08843ed4a2a4ba32db5" type="org.openqa.selenium.ElementClickInterceptedException"><![CDATA[org.openqa.selenium.ElementClickInterceptedException: 
element click intercepted: Element <button class="btn btn-outline-secondary" data-bs-toggle="modal" data-bs-target="#addWithdrowModel">...</button> is not clickable at point (1441, 214). Other element would receive the click: <div class="modal fade show" id="verifyWalletUser" tabindex="-1" aria-labelledby="verifyWalletUserLabel" aria-modal="true" role="dialog" style="display: block;">...</div>
  (Session info: chrome=126.0.6478.62)
Build info: version: '4.15.0', revision: '1d14b5521b'
System info: os.name: 'Windows 11', os.arch: 'amd64', os.version: '10.0', java.version: '17.0.11'
Driver info: org.openqa.selenium.chrome.ChromeDriver
Command: [421ff17ac711f08843ed4a2a4ba32db5, clickElement {id=f.CCAD7AE72BA2D6EA2111BD3D15F3A284.d.9B7067180A37CCE9615F82D0978F7AA9.e.130}]
Capabilities {acceptInsecureCerts: false, browserName: chrome, browserVersion: 126.0.6478.62, chrome: {chromedriverVersion: 126.0.6478.62 (b2781ca4c383..., userDataDir: C:\Users\Hello\AppData\Loca...}, fedcm:accounts: true, goog:chromeOptions: {debuggerAddress: localhost:53287}, networkConnectionEnabled: false, pageLoadStrategy: normal, platformName: windows, proxy: Proxy(), se:cdp: ws://localhost:53287/devtoo..., se:cdpVersion: 126.0.6478.62, setWindowRect: true, strictFileInteractability: false, timeouts: {implicit: 0, pageLoad: 300000, script: 30000}, unhandledPromptBehavior: dismiss and notify, webauthn:extension:credBlob: true, webauthn:extension:largeBlob: true, webauthn:extension:minPinLength: true, webauthn:extension:prf: true, webauthn:virtualAuthenticators: true}
Element: [[ChromeDriver: chrome on windows (421ff17ac711f08843ed4a2a4ba32db5)] -> xpath: //button[text()='Withdraw']]
Session ID: 421ff17ac711f08843ed4a2a4ba32db5
	at corporate.InsideFeatures.withdraw(InsideFeatures.java:135)
]]></failure>
  </testcase>
  <testcase name="sendmoney" classname="corporate.InsideFeatures" time="9.235"/>
  <testcase name="transaction" classname="corporate.InsideFeatures" time="4.132">
    <failure message="element click intercepted: Element &lt;button class=&quot;btn btn-outline-secondary&quot;&gt;...&lt;/button&gt; is not clickable at point (1044, 214). Other element would receive the click: &lt;div class=&quot;modal fade show&quot; id=&quot;employeeTotalAmountLoaded&quot; tabindex=&quot;-1&quot; aria-labelledby=&quot;employeeTotalAmountLoadedLabel&quot; aria-modal=&quot;true&quot; role=&quot;dialog&quot; style=&quot;display: block;&quot;&gt;...&lt;/div&gt;&#10;  (Session info: chrome=126.0.6478.62)&#10;Build info: version: &apos;4.15.0&apos;, revision: &apos;1d14b5521b&apos;&#10;System info: os.name: &apos;Windows 11&apos;, os.arch: &apos;amd64&apos;, os.version: &apos;10.0&apos;, java.version: &apos;17.0.11&apos;&#10;Driver info: org.openqa.selenium.chrome.ChromeDriver&#10;Command: [421ff17ac711f08843ed4a2a4ba32db5, clickElement {id=f.CCAD7AE72BA2D6EA2111BD3D15F3A284.d.9B7067180A37CCE9615F82D0978F7AA9.e.136}]&#10;Capabilities {acceptInsecureCerts: false, browserName: chrome, browserVersion: 126.0.6478.62, chrome: {chromedriverVersion: 126.0.6478.62 (b2781ca4c383..., userDataDir: C:\Users\Hello\AppData\Loca...}, fedcm:accounts: true, goog:chromeOptions: {debuggerAddress: localhost:53287}, networkConnectionEnabled: false, pageLoadStrategy: normal, platformName: windows, proxy: Proxy(), se:cdp: ws://localhost:53287/devtoo..., se:cdpVersion: 126.0.6478.62, setWindowRect: true, strictFileInteractability: false, timeouts: {implicit: 0, pageLoad: 300000, script: 30000}, unhandledPromptBehavior: dismiss and notify, webauthn:extension:credBlob: true, webauthn:extension:largeBlob: true, webauthn:extension:minPinLength: true, webauthn:extension:prf: true, webauthn:virtualAuthenticators: true}&#10;Element: [[ChromeDriver: chrome on windows (421ff17ac711f08843ed4a2a4ba32db5)] -&gt; xpath: //button[contains(text(),&apos;Transaction&apos;)]]&#10;Session ID: 421ff17ac711f08843ed4a2a4ba32db5" type="org.openqa.selenium.ElementClickInterceptedException"><![CDATA[org.openqa.selenium.ElementClickInterceptedException: 
element click intercepted: Element <button class="btn btn-outline-secondary">...</button> is not clickable at point (1044, 214). Other element would receive the click: <div class="modal fade show" id="employeeTotalAmountLoaded" tabindex="-1" aria-labelledby="employeeTotalAmountLoadedLabel" aria-modal="true" role="dialog" style="display: block;">...</div>
  (Session info: chrome=126.0.6478.62)
Build info: version: '4.15.0', revision: '1d14b5521b'
System info: os.name: 'Windows 11', os.arch: 'amd64', os.version: '10.0', java.version: '17.0.11'
Driver info: org.openqa.selenium.chrome.ChromeDriver
Command: [421ff17ac711f08843ed4a2a4ba32db5, clickElement {id=f.CCAD7AE72BA2D6EA2111BD3D15F3A284.d.9B7067180A37CCE9615F82D0978F7AA9.e.136}]
Capabilities {acceptInsecureCerts: false, browserName: chrome, browserVersion: 126.0.6478.62, chrome: {chromedriverVersion: 126.0.6478.62 (b2781ca4c383..., userDataDir: C:\Users\Hello\AppData\Loca...}, fedcm:accounts: true, goog:chromeOptions: {debuggerAddress: localhost:53287}, networkConnectionEnabled: false, pageLoadStrategy: normal, platformName: windows, proxy: Proxy(), se:cdp: ws://localhost:53287/devtoo..., se:cdpVersion: 126.0.6478.62, setWindowRect: true, strictFileInteractability: false, timeouts: {implicit: 0, pageLoad: 300000, script: 30000}, unhandledPromptBehavior: dismiss and notify, webauthn:extension:credBlob: true, webauthn:extension:largeBlob: true, webauthn:extension:minPinLength: true, webauthn:extension:prf: true, webauthn:virtualAuthenticators: true}
Element: [[ChromeDriver: chrome on windows (421ff17ac711f08843ed4a2a4ba32db5)] -> xpath: //button[contains(text(),'Transaction')]]
Session ID: 421ff17ac711f08843ed4a2a4ba32db5
	at corporate.InsideFeatures.transaction(InsideFeatures.java:116)
]]></failure>
  </testcase>
  <testcase name="profile" classname="corporate.InsideFeatures" time="4.141">
    <failure message="element click intercepted: Element &lt;a class=&quot;nav-link &quot; href=&quot;https://qa.mypursu.com/profile&quot;&gt;...&lt;/a&gt; is not clickable at point (764, 34). Other element would receive the click: &lt;div class=&quot;modal-header justify-content-center&quot;&gt;...&lt;/div&gt;&#10;  (Session info: chrome=126.0.6478.62)&#10;Build info: version: &apos;4.15.0&apos;, revision: &apos;1d14b5521b&apos;&#10;System info: os.name: &apos;Windows 11&apos;, os.arch: &apos;amd64&apos;, os.version: &apos;10.0&apos;, java.version: &apos;17.0.11&apos;&#10;Driver info: org.openqa.selenium.chrome.ChromeDriver&#10;Command: [421ff17ac711f08843ed4a2a4ba32db5, clickElement {id=f.CCAD7AE72BA2D6EA2111BD3D15F3A284.d.9B7067180A37CCE9615F82D0978F7AA9.e.137}]&#10;Capabilities {acceptInsecureCerts: false, browserName: chrome, browserVersion: 126.0.6478.62, chrome: {chromedriverVersion: 126.0.6478.62 (b2781ca4c383..., userDataDir: C:\Users\Hello\AppData\Loca...}, fedcm:accounts: true, goog:chromeOptions: {debuggerAddress: localhost:53287}, networkConnectionEnabled: false, pageLoadStrategy: normal, platformName: windows, proxy: Proxy(), se:cdp: ws://localhost:53287/devtoo..., se:cdpVersion: 126.0.6478.62, setWindowRect: true, strictFileInteractability: false, timeouts: {implicit: 0, pageLoad: 300000, script: 30000}, unhandledPromptBehavior: dismiss and notify, webauthn:extension:credBlob: true, webauthn:extension:largeBlob: true, webauthn:extension:minPinLength: true, webauthn:extension:prf: true, webauthn:virtualAuthenticators: true}&#10;Element: [[ChromeDriver: chrome on windows (421ff17ac711f08843ed4a2a4ba32db5)] -&gt; xpath: //a[contains(text(),&apos;Profile&apos;)]]&#10;Session ID: 421ff17ac711f08843ed4a2a4ba32db5" type="org.openqa.selenium.ElementClickInterceptedException"><![CDATA[org.openqa.selenium.ElementClickInterceptedException: 
element click intercepted: Element <a class="nav-link " href="https://qa.mypursu.com/profile">...</a> is not clickable at point (764, 34). Other element would receive the click: <div class="modal-header justify-content-center">...</div>
  (Session info: chrome=126.0.6478.62)
Build info: version: '4.15.0', revision: '1d14b5521b'
System info: os.name: 'Windows 11', os.arch: 'amd64', os.version: '10.0', java.version: '17.0.11'
Driver info: org.openqa.selenium.chrome.ChromeDriver
Command: [421ff17ac711f08843ed4a2a4ba32db5, clickElement {id=f.CCAD7AE72BA2D6EA2111BD3D15F3A284.d.9B7067180A37CCE9615F82D0978F7AA9.e.137}]
Capabilities {acceptInsecureCerts: false, browserName: chrome, browserVersion: 126.0.6478.62, chrome: {chromedriverVersion: 126.0.6478.62 (b2781ca4c383..., userDataDir: C:\Users\Hello\AppData\Loca...}, fedcm:accounts: true, goog:chromeOptions: {debuggerAddress: localhost:53287}, networkConnectionEnabled: false, pageLoadStrategy: normal, platformName: windows, proxy: Proxy(), se:cdp: ws://localhost:53287/devtoo..., se:cdpVersion: 126.0.6478.62, setWindowRect: true, strictFileInteractability: false, timeouts: {implicit: 0, pageLoad: 300000, script: 30000}, unhandledPromptBehavior: dismiss and notify, webauthn:extension:credBlob: true, webauthn:extension:largeBlob: true, webauthn:extension:minPinLength: true, webauthn:extension:prf: true, webauthn:virtualAuthenticators: true}
Element: [[ChromeDriver: chrome on windows (421ff17ac711f08843ed4a2a4ba32db5)] -> xpath: //a[contains(text(),'Profile')]]
Session ID: 421ff17ac711f08843ed4a2a4ba32db5
	at corporate.InsideFeatures.profile(InsideFeatures.java:165)
]]></failure>
  </testcase>
  <testcase name="mainpage" classname="corporate.InsideFeatures" time="41.944"/>
</testsuite>