<?xml version="1.0" encoding="UTF-8"?>
<testng-results ignored="0" total="8" passed="6" failed="2" skipped="0">
  <reporter-output>
  </reporter-output>
  <suite started-at="2024-06-18T19:41:00 IST" name="Suite" finished-at="2024-06-18T19:43:45 IST" duration-ms="165548">
    <groups>
    </groups>
    <test started-at="2024-06-18T19:41:00 IST" name="Test" finished-at="2024-06-18T19:43:45 IST" duration-ms="165548">
      <class name="corporate.InsideFeatures">
        <test-method signature="login()[pri:1, instance:corporate.InsideFeatures@2e8ab815]" started-at="2024-06-18T19:41:00 IST" name="login" finished-at="2024-06-18T19:41:41 IST" duration-ms="40487" status="PASS">
          <reporter-output>
          </reporter-output>
        </test-method> <!-- login -->
        <test-method signature="Adduser()[pri:2, instance:corporate.InsideFeatures@2e8ab815]" started-at="2024-06-18T19:41:41 IST" name="Adduser" finished-at="2024-06-18T19:42:18 IST" duration-ms="37622" status="PASS">
          <reporter-output>
          </reporter-output>
        </test-method> <!-- Adduser -->
        <test-method signature="loadmoney()[pri:3, instance:corporate.InsideFeatures@2e8ab815]" started-at="2024-06-18T19:42:18 IST" name="loadmoney" finished-at="2024-06-18T19:42:40 IST" duration-ms="21264" status="PASS">
          <reporter-output>
          </reporter-output>
        </test-method> <!-- loadmoney -->
        <test-method signature="withdraw()[pri:4, instance:corporate.InsideFeatures@2e8ab815]" started-at="2024-06-18T19:42:40 IST" name="withdraw" finished-at="2024-06-18T19:42:52 IST" duration-ms="12603" status="PASS">
          <reporter-output>
          </reporter-output>
        </test-method> <!-- withdraw -->
        <test-method signature="sendmoney()[pri:5, instance:corporate.InsideFeatures@2e8ab815]" started-at="2024-06-18T19:42:52 IST" name="sendmoney" finished-at="2024-06-18T19:43:02 IST" duration-ms="9321" status="PASS">
          <reporter-output>
          </reporter-output>
        </test-method> <!-- sendmoney -->
        <test-method signature="transaction()[pri:6, instance:corporate.InsideFeatures@2e8ab815]" started-at="2024-06-18T19:43:02 IST" name="transaction" finished-at="2024-06-18T19:43:06 IST" duration-ms="4149" status="FAIL">
          <exception class="org.openqa.selenium.ElementClickInterceptedException">
            <message>
              <![CDATA[element click intercepted: Element <button class="btn btn-outline-secondary">...</button> is not clickable at point (1044, 214). Other element would receive the click: <div class="modal fade show" id="employeeTotalAmountLoaded" tabindex="-1" aria-labelledby="employeeTotalAmountLoadedLabel" aria-modal="true" role="dialog" style="display: block;">...</div>
  (Session info: chrome=125.0.6422.176)
Build info: version: '4.15.0', revision: '1d14b5521b'
System info: os.name: 'Windows 11', os.arch: 'amd64', os.version: '10.0', java.version: '17.0.11'
Driver info: org.openqa.selenium.chrome.ChromeDriver
Command: [d7ad12fe759ba3f602a06817f284e73d, clickElement {id=f.64A3F788DC0DAF2F104931438CB191DE.d.F7E2B58D5BE55004AE2EE73BE6B72607.e.290}]
Capabilities {acceptInsecureCerts: false, browserName: chrome, browserVersion: 125.0.6422.176, chrome: {chromedriverVersion: 125.0.6422.141 (4b1e8393712..., userDataDir: C:\Users\Hello\AppData\Loca...}, fedcm:accounts: true, goog:chromeOptions: {debuggerAddress: localhost:52372}, networkConnectionEnabled: false, pageLoadStrategy: normal, platformName: windows, proxy: Proxy(), se:cdp: ws://localhost:52372/devtoo..., se:cdpVersion: 125.0.6422.176, setWindowRect: true, strictFileInteractability: false, timeouts: {implicit: 0, pageLoad: 300000, script: 30000}, unhandledPromptBehavior: dismiss and notify, webauthn:extension:credBlob: true, webauthn:extension:largeBlob: true, webauthn:extension:minPinLength: true, webauthn:extension:prf: true, webauthn:virtualAuthenticators: true}
Element: [[ChromeDriver: chrome on windows (d7ad12fe759ba3f602a06817f284e73d)] -> xpath: //button[contains(text(),'Transaction')]]
Session ID: d7ad12fe759ba3f602a06817f284e73d]]>
            </message>
            <full-stacktrace>
              <![CDATA[org.openqa.selenium.ElementClickInterceptedException: element click intercepted: Element <button class="btn btn-outline-secondary">...</button> is not clickable at point (1044, 214). Other element would receive the click: <div class="modal fade show" id="employeeTotalAmountLoaded" tabindex="-1" aria-labelledby="employeeTotalAmountLoadedLabel" aria-modal="true" role="dialog" style="display: block;">...</div>
  (Session info: chrome=125.0.6422.176)
Build info: version: '4.15.0', revision: '1d14b5521b'
System info: os.name: 'Windows 11', os.arch: 'amd64', os.version: '10.0', java.version: '17.0.11'
Driver info: org.openqa.selenium.chrome.ChromeDriver
Command: [d7ad12fe759ba3f602a06817f284e73d, clickElement {id=f.64A3F788DC0DAF2F104931438CB191DE.d.F7E2B58D5BE55004AE2EE73BE6B72607.e.290}]
Capabilities {acceptInsecureCerts: false, browserName: chrome, browserVersion: 125.0.6422.176, chrome: {chromedriverVersion: 125.0.6422.141 (4b1e8393712..., userDataDir: C:\Users\Hello\AppData\Loca...}, fedcm:accounts: true, goog:chromeOptions: {debuggerAddress: localhost:52372}, networkConnectionEnabled: false, pageLoadStrategy: normal, platformName: windows, proxy: Proxy(), se:cdp: ws://localhost:52372/devtoo..., se:cdpVersion: 125.0.6422.176, setWindowRect: true, strictFileInteractability: false, timeouts: {implicit: 0, pageLoad: 300000, script: 30000}, unhandledPromptBehavior: dismiss and notify, webauthn:extension:credBlob: true, webauthn:extension:largeBlob: true, webauthn:extension:minPinLength: true, webauthn:extension:prf: true, webauthn:virtualAuthenticators: true}
Element: [[ChromeDriver: chrome on windows (d7ad12fe759ba3f602a06817f284e73d)] -> xpath: //button[contains(text(),'Transaction')]]
Session ID: d7ad12fe759ba3f602a06817f284e73d
at java.base/jdk.internal.reflect.NativeConstructorAccessorImpl.newInstance0(Native Method)
at java.base/jdk.internal.reflect.NativeConstructorAccessorImpl.newInstance(NativeConstructorAccessorImpl.java:77)
at java.base/jdk.internal.reflect.DelegatingConstructorAccessorImpl.newInstance(DelegatingConstructorAccessorImpl.java:45)
at java.base/java.lang.reflect.Constructor.newInstanceWithCaller(Constructor.java:499)
at java.base/java.lang.reflect.Constructor.newInstance(Constructor.java:480)
at org.openqa.selenium.remote.codec.w3c.W3CHttpResponseCodec.createException(W3CHttpResponseCodec.java:200)
at org.openqa.selenium.remote.codec.w3c.W3CHttpResponseCodec.decode(W3CHttpResponseCodec.java:133)
at org.openqa.selenium.remote.codec.w3c.W3CHttpResponseCodec.decode(W3CHttpResponseCodec.java:52)
at org.openqa.selenium.remote.HttpCommandExecutor.execute(HttpCommandExecutor.java:191)
at org.openqa.selenium.remote.service.DriverCommandExecutor.invokeExecute(DriverCommandExecutor.java:200)
at org.openqa.selenium.remote.service.DriverCommandExecutor.execute(DriverCommandExecutor.java:175)
at org.openqa.selenium.remote.RemoteWebDriver.execute(RemoteWebDriver.java:607)
at org.openqa.selenium.remote.RemoteWebElement.execute(RemoteWebElement.java:224)
at org.openqa.selenium.remote.RemoteWebElement.click(RemoteWebElement.java:77)
at corporate.InsideFeatures.transaction(InsideFeatures.java:116)
at java.base/jdk.internal.reflect.NativeMethodAccessorImpl.invoke0(Native Method)
at java.base/jdk.internal.reflect.NativeMethodAccessorImpl.invoke(NativeMethodAccessorImpl.java:77)
at java.base/jdk.internal.reflect.DelegatingMethodAccessorImpl.invoke(DelegatingMethodAccessorImpl.java:43)
at java.base/java.lang.reflect.Method.invoke(Method.java:568)
at org.testng.internal.MethodInvocationHelper.invokeMethod(MethodInvocationHelper.java:133)
at org.testng.internal.TestInvoker.invokeMethod(TestInvoker.java:598)
at org.testng.internal.TestInvoker.invokeTestMethod(TestInvoker.java:173)
at org.testng.internal.MethodRunner.runInSequence(MethodRunner.java:46)
at org.testng.internal.TestInvoker$MethodInvocationAgent.invoke(TestInvoker.java:824)
at org.testng.internal.TestInvoker.invokeTestMethods(TestInvoker.java:146)
at org.testng.internal.TestMethodWorker.invokeTestMethods(TestMethodWorker.java:146)
at org.testng.internal.TestMethodWorker.run(TestMethodWorker.java:128)
at java.base/java.util.ArrayList.forEach(ArrayList.java:1511)
at org.testng.TestRunner.privateRun(TestRunner.java:794)
at org.testng.TestRunner.run(TestRunner.java:596)
at org.testng.SuiteRunner.runTest(SuiteRunner.java:377)
at org.testng.SuiteRunner.runSequentially(SuiteRunner.java:371)
at org.testng.SuiteRunner.privateRun(SuiteRunner.java:332)
at org.testng.SuiteRunner.run(SuiteRunner.java:276)
at org.testng.SuiteRunnerWorker.runSuite(SuiteRunnerWorker.java:53)
at org.testng.SuiteRunnerWorker.run(SuiteRunnerWorker.java:96)
at org.testng.TestNG.runSuitesSequentially(TestNG.java:1212)
at org.testng.TestNG.runSuitesLocally(TestNG.java:1134)
at org.testng.TestNG.runSuites(TestNG.java:1063)
at org.testng.TestNG.run(TestNG.java:1031)
at org.testng.remote.AbstractRemoteTestNG.run(AbstractRemoteTestNG.java:115)
at org.testng.remote.RemoteTestNG.initAndRun(RemoteTestNG.java:293)
at org.testng.remote.RemoteTestNG.main(RemoteTestNG.java:91)
]]>
            </full-stacktrace>
          </exception> <!-- org.openqa.selenium.ElementClickInterceptedException -->
          <reporter-output>
          </reporter-output>
        </test-method> <!-- transaction -->
        <test-method signature="profile()[pri:7, instance:corporate.InsideFeatures@2e8ab815]" started-at="2024-06-18T19:43:06 IST" name="profile" finished-at="2024-06-18T19:43:10 IST" duration-ms="4156" status="FAIL">
          <exception class="org.openqa.selenium.ElementClickInterceptedException">
            <message>
              <![CDATA[element click intercepted: Element <a class="nav-link " href="https://qa.mypursu.com/profile">...</a> is not clickable at point (764, 34). Other element would receive the click: <div class="modal-header justify-content-center">...</div>
  (Session info: chrome=125.0.6422.176)
Build info: version: '4.15.0', revision: '1d14b5521b'
System info: os.name: 'Windows 11', os.arch: 'amd64', os.version: '10.0', java.version: '17.0.11'
Driver info: org.openqa.selenium.chrome.ChromeDriver
Command: [d7ad12fe759ba3f602a06817f284e73d, clickElement {id=f.64A3F788DC0DAF2F104931438CB191DE.d.F7E2B58D5BE55004AE2EE73BE6B72607.e.291}]
Capabilities {acceptInsecureCerts: false, browserName: chrome, browserVersion: 125.0.6422.176, chrome: {chromedriverVersion: 125.0.6422.141 (4b1e8393712..., userDataDir: C:\Users\Hello\AppData\Loca...}, fedcm:accounts: true, goog:chromeOptions: {debuggerAddress: localhost:52372}, networkConnectionEnabled: false, pageLoadStrategy: normal, platformName: windows, proxy: Proxy(), se:cdp: ws://localhost:52372/devtoo..., se:cdpVersion: 125.0.6422.176, setWindowRect: true, strictFileInteractability: false, timeouts: {implicit: 0, pageLoad: 300000, script: 30000}, unhandledPromptBehavior: dismiss and notify, webauthn:extension:credBlob: true, webauthn:extension:largeBlob: true, webauthn:extension:minPinLength: true, webauthn:extension:prf: true, webauthn:virtualAuthenticators: true}
Element: [[ChromeDriver: chrome on windows (d7ad12fe759ba3f602a06817f284e73d)] -> xpath: //a[contains(text(),'Profile')]]
Session ID: d7ad12fe759ba3f602a06817f284e73d]]>
            </message>
            <full-stacktrace>
              <![CDATA[org.openqa.selenium.ElementClickInterceptedException: element click intercepted: Element <a class="nav-link " href="https://qa.mypursu.com/profile">...</a> is not clickable at point (764, 34). Other element would receive the click: <div class="modal-header justify-content-center">...</div>
  (Session info: chrome=125.0.6422.176)
Build info: version: '4.15.0', revision: '1d14b5521b'
System info: os.name: 'Windows 11', os.arch: 'amd64', os.version: '10.0', java.version: '17.0.11'
Driver info: org.openqa.selenium.chrome.ChromeDriver
Command: [d7ad12fe759ba3f602a06817f284e73d, clickElement {id=f.64A3F788DC0DAF2F104931438CB191DE.d.F7E2B58D5BE55004AE2EE73BE6B72607.e.291}]
Capabilities {acceptInsecureCerts: false, browserName: chrome, browserVersion: 125.0.6422.176, chrome: {chromedriverVersion: 125.0.6422.141 (4b1e8393712..., userDataDir: C:\Users\Hello\AppData\Loca...}, fedcm:accounts: true, goog:chromeOptions: {debuggerAddress: localhost:52372}, networkConnectionEnabled: false, pageLoadStrategy: normal, platformName: windows, proxy: Proxy(), se:cdp: ws://localhost:52372/devtoo..., se:cdpVersion: 125.0.6422.176, setWindowRect: true, strictFileInteractability: false, timeouts: {implicit: 0, pageLoad: 300000, script: 30000}, unhandledPromptBehavior: dismiss and notify, webauthn:extension:credBlob: true, webauthn:extension:largeBlob: true, webauthn:extension:minPinLength: true, webauthn:extension:prf: true, webauthn:virtualAuthenticators: true}
Element: [[ChromeDriver: chrome on windows (d7ad12fe759ba3f602a06817f284e73d)] -> xpath: //a[contains(text(),'Profile')]]
Session ID: d7ad12fe759ba3f602a06817f284e73d
at java.base/jdk.internal.reflect.NativeConstructorAccessorImpl.newInstance0(Native Method)
at java.base/jdk.internal.reflect.NativeConstructorAccessorImpl.newInstance(NativeConstructorAccessorImpl.java:77)
at java.base/jdk.internal.reflect.DelegatingConstructorAccessorImpl.newInstance(DelegatingConstructorAccessorImpl.java:45)
at java.base/java.lang.reflect.Constructor.newInstanceWithCaller(Constructor.java:499)
at java.base/java.lang.reflect.Constructor.newInstance(Constructor.java:480)
at org.openqa.selenium.remote.codec.w3c.W3CHttpResponseCodec.createException(W3CHttpResponseCodec.java:200)
at org.openqa.selenium.remote.codec.w3c.W3CHttpResponseCodec.decode(W3CHttpResponseCodec.java:133)
at org.openqa.selenium.remote.codec.w3c.W3CHttpResponseCodec.decode(W3CHttpResponseCodec.java:52)
at org.openqa.selenium.remote.HttpCommandExecutor.execute(HttpCommandExecutor.java:191)
at org.openqa.selenium.remote.service.DriverCommandExecutor.invokeExecute(DriverCommandExecutor.java:200)
at org.openqa.selenium.remote.service.DriverCommandExecutor.execute(DriverCommandExecutor.java:175)
at org.openqa.selenium.remote.RemoteWebDriver.execute(RemoteWebDriver.java:607)
at org.openqa.selenium.remote.RemoteWebElement.execute(RemoteWebElement.java:224)
at org.openqa.selenium.remote.RemoteWebElement.click(RemoteWebElement.java:77)
at corporate.InsideFeatures.profile(InsideFeatures.java:165)
at java.base/jdk.internal.reflect.NativeMethodAccessorImpl.invoke0(Native Method)
at java.base/jdk.internal.reflect.NativeMethodAccessorImpl.invoke(NativeMethodAccessorImpl.java:77)
at java.base/jdk.internal.reflect.DelegatingMethodAccessorImpl.invoke(DelegatingMethodAccessorImpl.java:43)
at java.base/java.lang.reflect.Method.invoke(Method.java:568)
at org.testng.internal.MethodInvocationHelper.invokeMethod(MethodInvocationHelper.java:133)
at org.testng.internal.TestInvoker.invokeMethod(TestInvoker.java:598)
at org.testng.internal.TestInvoker.invokeTestMethod(TestInvoker.java:173)
at org.testng.internal.MethodRunner.runInSequence(MethodRunner.java:46)
at org.testng.internal.TestInvoker$MethodInvocationAgent.invoke(TestInvoker.java:824)
at org.testng.internal.TestInvoker.invokeTestMethods(TestInvoker.java:146)
at org.testng.internal.TestMethodWorker.invokeTestMethods(TestMethodWorker.java:146)
at org.testng.internal.TestMethodWorker.run(TestMethodWorker.java:128)
at java.base/java.util.ArrayList.forEach(ArrayList.java:1511)
at org.testng.TestRunner.privateRun(TestRunner.java:794)
at org.testng.TestRunner.run(TestRunner.java:596)
at org.testng.SuiteRunner.runTest(SuiteRunner.java:377)
at org.testng.SuiteRunner.runSequentially(SuiteRunner.java:371)
at org.testng.SuiteRunner.privateRun(SuiteRunner.java:332)
at org.testng.SuiteRunner.run(SuiteRunner.java:276)
at org.testng.SuiteRunnerWorker.runSuite(SuiteRunnerWorker.java:53)
at org.testng.SuiteRunnerWorker.run(SuiteRunnerWorker.java:96)
at org.testng.TestNG.runSuitesSequentially(TestNG.java:1212)
at org.testng.TestNG.runSuitesLocally(TestNG.java:1134)
at org.testng.TestNG.runSuites(TestNG.java:1063)
at org.testng.TestNG.run(TestNG.java:1031)
at org.testng.remote.AbstractRemoteTestNG.run(AbstractRemoteTestNG.java:115)
at org.testng.remote.RemoteTestNG.initAndRun(RemoteTestNG.java:293)
at org.testng.remote.RemoteTestNG.main(RemoteTestNG.java:91)
]]>
            </full-stacktrace>
          </exception> <!-- org.openqa.selenium.ElementClickInterceptedException -->
          <reporter-output>
          </reporter-output>
        </test-method> <!-- profile -->
        <test-method signature="mainpage()[pri:8, instance:corporate.InsideFeatures@2e8ab815]" started-at="2024-06-18T19:43:10 IST" name="mainpage" finished-at="2024-06-18T19:43:45 IST" duration-ms="35429" status="PASS">
          <reporter-output>
          </reporter-output>
        </test-method> <!-- mainpage -->
      </class> <!-- corporate.InsideFeatures -->
    </test> <!-- Test -->
  </suite> <!-- Suite -->
</testng-results>
